#
# There is insufficient memory for the Java Runtime Environment to continue.
# Cannot create GC thread. Out of system resources.
# Possible reasons:
#   The system is out of physical RAM or swap space
#   In 32 bit mode, the process size limit was hit
# Possible solutions:
#   Reduce memory load on the system
#   Increase physical memory or swap space
#   Check if swap backing store is full
#   Use 64 bit Java on a 64 bit OS
#   Decrease Java heap size (-Xmx/-Xms)
#   Decrease number of Java threads
#   Decrease Java thread stack sizes (-Xss)
#   Set larger code cache with -XX:ReservedCodeCacheSize=
# This output file may be truncated or incomplete.
#
#  Out of Memory Error (gcTaskThread.cpp:48), pid=27081, tid=0x00007fa3fe41bb80
#
# JRE version:  (8.0_181-b13) (build )
# Java VM: Java HotSpot(TM) 64-Bit Server VM (25.181-b13 mixed mode linux-amd64 compressed oops)
# Failed to write core dump. Core dumps have been disabled. To enable core dumping, try "ulimit -c unlimited" before starting Java again
#

---------------  T H R E A D  ---------------

Current thread (0x00000000013c5800):  JavaThread "Unknown thread" [_thread_in_vm, id=27081, stack(0x00007ffc45d9b000,0x00007ffc45e9b000)]

Stack: [0x00007ffc45d9b000,0x00007ffc45e9b000],  sp=0x00007ffc45e94a00,  free space=998k
Native frames: (J=compiled Java code, j=interpreted, Vv=VM code, C=native code)
V  [libjvm.so+0xad21aa]  VMError::report_and_die()+0x2ba
V  [libjvm.so+0x5022db]  report_vm_out_of_memory(char const*, int, unsigned long, VMErrorType, char const*)+0x8b
V  [libjvm.so+0x5de41f]  GCTaskThread::GCTaskThread(GCTaskManager*, unsigned int, unsigned int)+0x15f
V  [libjvm.so+0x5dd1db]  GCTaskManager::initialize()+0x3ab
V  [libjvm.so+0x95159d]  ParallelScavengeHeap::initialize()+0x34d
V  [libjvm.so+0xa9a1e3]  Universe::initialize_heap()+0xf3
V  [libjvm.so+0xa9a74e]  universe_init()+0x3e
V  [libjvm.so+0x644875]  init_globals()+0x65
V  [libjvm.so+0xa7eefe]  Threads::create_vm(JavaVMInitArgs*, bool*)+0x23e
V  [libjvm.so+0x6d8d74]  JNI_CreateJavaVM+0x74
C  [libjli.so+0x797e]  JavaMain+0x9e
C  [libjli.so+0xb823]  ContinueInNewThread0+0x63
C  [libjli.so+0x6e9a]  ContinueInNewThread+0x7a
C  [libjli.so+0x9ff0]  JLI_Launch+0x870
C  [java+0x696]  JLI_Launch@@SUNWprivate_1.1+0x696
C  [libc.so.6+0x21b97]  __libc_start_main+0xe7


---------------  P R O C E S S  ---------------

Java Threads: ( => current thread )

Other Threads:

=>0x00000000013c5800 (exited) JavaThread "Unknown thread" [_thread_in_vm, id=27081, stack(0x00007ffc45d9b000,0x00007ffc45e9b000)]

VM state:not at safepoint (not fully initialized)

VM Mutex/Monitor currently owned by a thread: None

GC Heap History (0 events):
No events

Deoptimization events (0 events):
No events

Classes redefined (0 events):
No events

Internal exceptions (0 events):
No events

Events (0 events):
No events


Dynamic libraries:
00400000-00401000 r-xp 00000000 08:03 3017113                            /home/kuba/jdk/jdk-8u181-linux-x64/jdk1.8.0_181/bin/java
00600000-00601000 rw-p 00000000 08:03 3017113                            /home/kuba/jdk/jdk-8u181-linux-x64/jdk1.8.0_181/bin/java
013b8000-013fa000 rw-p 00000000 00:00 0                                  [heap]
85200000-8a500000 rw-p 00000000 00:00 0 
8a500000-d7100000 ---p 00000000 00:00 0 
d7100000-d9a00000 rw-p 00000000 00:00 0 
d9a00000-100000000 ---p 00000000 00:00 0 
7fa3eb6f7000-7fa3eb9ac000 rw-p 00000000 00:00 0 
7fa3eb9ac000-7fa3ebc12000 ---p 00000000 00:00 0 
7fa3ebc12000-7fa3ebc3c000 rw-p 00000000 00:00 0 
7fa3ebc3c000-7fa3ebea1000 ---p 00000000 00:00 0 
7fa3ebea1000-7fa3ebeb6000 rw-p 00000000 00:00 0 
7fa3ebeb6000-7fa3ebfe9000 ---p 00000000 00:00 0 
7fa3ebfe9000-7fa3ebff4000 rw-p 00000000 00:00 0 
7fa3ebff4000-7fa3ec3aa000 ---p 00000000 00:00 0 
7fa3ec3aa000-7fa3ec61a000 rwxp 00000000 00:00 0 
7fa3ec61a000-7fa3fb3aa000 ---p 00000000 00:00 0 
7fa3fb3aa000-7fa3fb3c5000 r-xp 00000000 08:03 3018827                    /home/kuba/jdk/jdk-8u181-linux-x64/jdk1.8.0_181/jre/lib/amd64/libzip.so
7fa3fb3c5000-7fa3fb5c5000 ---p 0001b000 08:03 3018827                    /home/kuba/jdk/jdk-8u181-linux-x64/jdk1.8.0_181/jre/lib/amd64/libzip.so
7fa3fb5c5000-7fa3fb5c6000 rw-p 0001b000 08:03 3018827                    /home/kuba/jdk/jdk-8u181-linux-x64/jdk1.8.0_181/jre/lib/amd64/libzip.so
7fa3fb5c6000-7fa3fb5d1000 r-xp 00000000 08:02 398779                     /lib/x86_64-linux-gnu/libnss_files-2.27.so
7fa3fb5d1000-7fa3fb7d0000 ---p 0000b000 08:02 398779                     /lib/x86_64-linux-gnu/libnss_files-2.27.so
7fa3fb7d0000-7fa3fb7d1000 r--p 0000a000 08:02 398779                     /lib/x86_64-linux-gnu/libnss_files-2.27.so
7fa3fb7d1000-7fa3fb7d2000 rw-p 0000b000 08:02 398779                     /lib/x86_64-linux-gnu/libnss_files-2.27.so
7fa3fb7d2000-7fa3fb7d8000 rw-p 00000000 00:00 0 
7fa3fb7d8000-7fa3fb7ef000 r-xp 00000000 08:02 398773                     /lib/x86_64-linux-gnu/libnsl-2.27.so
7fa3fb7ef000-7fa3fb9ee000 ---p 00017000 08:02 398773                     /lib/x86_64-linux-gnu/libnsl-2.27.so
7fa3fb9ee000-7fa3fb9ef000 r--p 00016000 08:02 398773                     /lib/x86_64-linux-gnu/libnsl-2.27.so
7fa3fb9ef000-7fa3fb9f0000 rw-p 00017000 08:02 398773                     /lib/x86_64-linux-gnu/libnsl-2.27.so
7fa3fb9f0000-7fa3fb9f2000 rw-p 00000000 00:00 0 
7fa3fb9f2000-7fa3fb9fd000 r-xp 00000000 08:02 398790                     /lib/x86_64-linux-gnu/libnss_nis-2.27.so
7fa3fb9fd000-7fa3fbbfc000 ---p 0000b000 08:02 398790                     /lib/x86_64-linux-gnu/libnss_nis-2.27.so
7fa3fbbfc000-7fa3fbbfd000 r--p 0000a000 08:02 398790                     /lib/x86_64-linux-gnu/libnss_nis-2.27.so
7fa3fbbfd000-7fa3fbbfe000 rw-p 0000b000 08:02 398790                     /lib/x86_64-linux-gnu/libnss_nis-2.27.so
7fa3fbbfe000-7fa3fbc06000 r-xp 00000000 08:02 398775                     /lib/x86_64-linux-gnu/libnss_compat-2.27.so
7fa3fbc06000-7fa3fbe06000 ---p 00008000 08:02 398775                     /lib/x86_64-linux-gnu/libnss_compat-2.27.so
7fa3fbe06000-7fa3fbe07000 r--p 00008000 08:02 398775                     /lib/x86_64-linux-gnu/libnss_compat-2.27.so
7fa3fbe07000-7fa3fbe08000 rw-p 00009000 08:02 398775                     /lib/x86_64-linux-gnu/libnss_compat-2.27.so
7fa3fbe08000-7fa3fbe33000 r-xp 00000000 08:03 3018821                    /home/kuba/jdk/jdk-8u181-linux-x64/jdk1.8.0_181/jre/lib/amd64/libjava.so
7fa3fbe33000-7fa3fc032000 ---p 0002b000 08:03 3018821                    /home/kuba/jdk/jdk-8u181-linux-x64/jdk1.8.0_181/jre/lib/amd64/libjava.so
7fa3fc032000-7fa3fc034000 rw-p 0002a000 08:03 3018821                    /home/kuba/jdk/jdk-8u181-linux-x64/jdk1.8.0_181/jre/lib/amd64/libjava.so
7fa3fc034000-7fa3fc041000 r-xp 00000000 08:03 3018826                    /home/kuba/jdk/jdk-8u181-linux-x64/jdk1.8.0_181/jre/lib/amd64/libverify.so
7fa3fc041000-7fa3fc241000 ---p 0000d000 08:03 3018826                    /home/kuba/jdk/jdk-8u181-linux-x64/jdk1.8.0_181/jre/lib/amd64/libverify.so
7fa3fc241000-7fa3fc243000 rw-p 0000d000 08:03 3018826                    /home/kuba/jdk/jdk-8u181-linux-x64/jdk1.8.0_181/jre/lib/amd64/libverify.so
7fa3fc243000-7fa3fc24a000 r-xp 00000000 08:02 398830                     /lib/x86_64-linux-gnu/librt-2.27.so
7fa3fc24a000-7fa3fc449000 ---p 00007000 08:02 398830                     /lib/x86_64-linux-gnu/librt-2.27.so
7fa3fc449000-7fa3fc44a000 r--p 00006000 08:02 398830                     /lib/x86_64-linux-gnu/librt-2.27.so
7fa3fc44a000-7fa3fc44b000 rw-p 00007000 08:02 398830                     /lib/x86_64-linux-gnu/librt-2.27.so
7fa3fc44b000-7fa3fc5e8000 r-xp 00000000 08:02 398752                     /lib/x86_64-linux-gnu/libm-2.27.so
7fa3fc5e8000-7fa3fc7e7000 ---p 0019d000 08:02 398752                     /lib/x86_64-linux-gnu/libm-2.27.so
7fa3fc7e7000-7fa3fc7e8000 r--p 0019c000 08:02 398752                     /lib/x86_64-linux-gnu/libm-2.27.so
7fa3fc7e8000-7fa3fc7e9000 rw-p 0019d000 08:02 398752                     /lib/x86_64-linux-gnu/libm-2.27.so
7fa3fc7e9000-7fa3fd4c5000 r-xp 00000000 08:03 3018803                    /home/kuba/jdk/jdk-8u181-linux-x64/jdk1.8.0_181/jre/lib/amd64/server/libjvm.so
7fa3fd4c5000-7fa3fd6c5000 ---p 00cdc000 08:03 3018803                    /home/kuba/jdk/jdk-8u181-linux-x64/jdk1.8.0_181/jre/lib/amd64/server/libjvm.so
7fa3fd6c5000-7fa3fd79f000 rw-p 00cdc000 08:03 3018803                    /home/kuba/jdk/jdk-8u181-linux-x64/jdk1.8.0_181/jre/lib/amd64/server/libjvm.so
7fa3fd79f000-7fa3fd7ea000 rw-p 00000000 00:00 0 
7fa3fd7ea000-7fa3fd9d1000 r-xp 00000000 08:02 398689                     /lib/x86_64-linux-gnu/libc-2.27.so
7fa3fd9d1000-7fa3fdbd1000 ---p 001e7000 08:02 398689                     /lib/x86_64-linux-gnu/libc-2.27.so
7fa3fdbd1000-7fa3fdbd5000 r--p 001e7000 08:02 398689                     /lib/x86_64-linux-gnu/libc-2.27.so
7fa3fdbd5000-7fa3fdbd7000 rw-p 001eb000 08:02 398689                     /lib/x86_64-linux-gnu/libc-2.27.so
7fa3fdbd7000-7fa3fdbdb000 rw-p 00000000 00:00 0 
7fa3fdbdb000-7fa3fdbde000 r-xp 00000000 08:02 398712                     /lib/x86_64-linux-gnu/libdl-2.27.so
7fa3fdbde000-7fa3fdddd000 ---p 00003000 08:02 398712                     /lib/x86_64-linux-gnu/libdl-2.27.so
7fa3fdddd000-7fa3fddde000 r--p 00002000 08:02 398712                     /lib/x86_64-linux-gnu/libdl-2.27.so
7fa3fddde000-7fa3fdddf000 rw-p 00003000 08:02 398712                     /lib/x86_64-linux-gnu/libdl-2.27.so
7fa3fdddf000-7fa3fddf5000 r-xp 00000000 08:03 3018476                    /home/kuba/jdk/jdk-8u181-linux-x64/jdk1.8.0_181/lib/amd64/jli/libjli.so
7fa3fddf5000-7fa3fdff4000 ---p 00016000 08:03 3018476                    /home/kuba/jdk/jdk-8u181-linux-x64/jdk1.8.0_181/lib/amd64/jli/libjli.so
7fa3fdff4000-7fa3fdff5000 rw-p 00015000 08:03 3018476                    /home/kuba/jdk/jdk-8u181-linux-x64/jdk1.8.0_181/lib/amd64/jli/libjli.so
7fa3fdff5000-7fa3fe00f000 r-xp 00000000 08:02 398822                     /lib/x86_64-linux-gnu/libpthread-2.27.so
7fa3fe00f000-7fa3fe20e000 ---p 0001a000 08:02 398822                     /lib/x86_64-linux-gnu/libpthread-2.27.so
7fa3fe20e000-7fa3fe20f000 r--p 00019000 08:02 398822                     /lib/x86_64-linux-gnu/libpthread-2.27.so
7fa3fe20f000-7fa3fe210000 rw-p 0001a000 08:02 398822                     /lib/x86_64-linux-gnu/libpthread-2.27.so
7fa3fe210000-7fa3fe214000 rw-p 00000000 00:00 0 
7fa3fe214000-7fa3fe23b000 r-xp 00000000 08:02 398661                     /lib/x86_64-linux-gnu/ld-2.27.so
7fa3fe31a000-7fa3fe31b000 ---p 00000000 00:00 0 
7fa3fe31b000-7fa3fe41d000 rw-p 00000000 00:00 0 
7fa3fe42f000-7fa3fe437000 rw-s 00000000 08:02 925293                     /tmp/hsperfdata_kuba/27081
7fa3fe437000-7fa3fe438000 rw-p 00000000 00:00 0 
7fa3fe438000-7fa3fe439000 r--p 00000000 00:00 0 
7fa3fe439000-7fa3fe43b000 rw-p 00000000 00:00 0 
7fa3fe43b000-7fa3fe43c000 r--p 00027000 08:02 398661                     /lib/x86_64-linux-gnu/ld-2.27.so
7fa3fe43c000-7fa3fe43d000 rw-p 00028000 08:02 398661                     /lib/x86_64-linux-gnu/ld-2.27.so
7fa3fe43d000-7fa3fe43e000 rw-p 00000000 00:00 0 
7ffc45d9b000-7ffc45d9e000 ---p 00000000 00:00 0 
7ffc45d9e000-7ffc45e9b000 rw-p 00000000 00:00 0                          [stack]
7ffc45ec3000-7ffc45ec6000 r--p 00000000 00:00 0                          [vvar]
7ffc45ec6000-7ffc45ec8000 r-xp 00000000 00:00 0                          [vdso]
ffffffffff600000-ffffffffff601000 r-xp 00000000 00:00 0                  [vsyscall]

VM Arguments:
jvm_args: -Dfile.encoding=UTF-8 
java_command: lab1.Main
java_class_path (initial): /home/kuba/jdk/jdk-8u181-linux-x64/jdk1.8.0_181/jre/lib/resources.jar:/home/kuba/jdk/jdk-8u181-linux-x64/jdk1.8.0_181/jre/lib/rt.jar:/home/kuba/jdk/jdk-8u181-linux-x64/jdk1.8.0_181/jre/lib/jsse.jar:/home/kuba/jdk/jdk-8u181-linux-x64/jdk1.8.0_181/jre/lib/jce.jar:/home/kuba/jdk/jdk-8u181-linux-x64/jdk1.8.0_181/jre/lib/charsets.jar:/home/kuba/jdk/jdk-8u181-linux-x64/jdk1.8.0_181/jre/lib/jfr.jar:/home/kuba/jdk/jdk-8u181-linux-x64/jdk1.8.0_181/jre/lib/ext/sunec.jar:/home/kuba/jdk/jdk-8u181-linux-x64/jdk1.8.0_181/jre/lib/ext/jaccess.jar:/home/kuba/jdk/jdk-8u181-linux-x64/jdk1.8.0_181/jre/lib/ext/zipfs.jar:/home/kuba/jdk/jdk-8u181-linux-x64/jdk1.8.0_181/jre/lib/ext/sunjce_provider.jar:/home/kuba/jdk/jdk-8u181-linux-x64/jdk1.8.0_181/jre/lib/ext/localedata.jar:/home/kuba/jdk/jdk-8u181-linux-x64/jdk1.8.0_181/jre/lib/ext/nashorn.jar:/home/kuba/jdk/jdk-8u181-linux-x64/jdk1.8.0_181/jre/lib/ext/dnsns.jar:/home/kuba/jdk/jdk-8u181-linux-x64/jdk1.8.0_181/jre/lib/ext/jfxrt.jar:/home/kuba/jdk/jdk-8u181-linux-x64/jdk1.8.0_181/jre/lib/ext/sunpkcs11.jar:/home/kuba/jdk/jdk-8u181-linux-x64/jdk1.8.0_181/jre/lib/ext/cldrdata.jar:/home/kuba/Workspace/Java/teoria-wspolbieznosci/lab1/bin
Launcher Type: SUN_STANDARD

Environment Variables:
PATH=/home/kuba/.local/bin:/usr/local/sbin:/usr/local/bin:/usr/sbin:/usr/bin:/sbin:/bin:/usr/games:/usr/local/games:/snap/bin
USERNAME=kuba
SHELL=/bin/bash
DISPLAY=:0

Signal Handlers:
SIGSEGV: [libjvm.so+0xad2a40], sa_mask[0]=11111111011111111101111111111110, sa_flags=SA_RESTART|SA_SIGINFO
SIGBUS: [libjvm.so+0xad2a40], sa_mask[0]=11111111011111111101111111111110, sa_flags=SA_RESTART|SA_SIGINFO
SIGFPE: [libjvm.so+0x92a610], sa_mask[0]=11111111011111111101111111111110, sa_flags=SA_RESTART|SA_SIGINFO
SIGPIPE: [libjvm.so+0x92a610], sa_mask[0]=11111111011111111101111111111110, sa_flags=SA_RESTART|SA_SIGINFO
SIGXFSZ: [libjvm.so+0x92a610], sa_mask[0]=11111111011111111101111111111110, sa_flags=SA_RESTART|SA_SIGINFO
SIGILL: [libjvm.so+0x92a610], sa_mask[0]=11111111011111111101111111111110, sa_flags=SA_RESTART|SA_SIGINFO
SIGUSR1: SIG_DFL, sa_mask[0]=00000000000000000000000000000000, sa_flags=none
SIGUSR2: [libjvm.so+0x92be70], sa_mask[0]=00100000000000000000000000000000, sa_flags=SA_RESTART|SA_SIGINFO
SIGHUP: SIG_DFL, sa_mask[0]=00000000000000000000000000000000, sa_flags=none
SIGINT: SIG_DFL, sa_mask[0]=00000000000000000000000000000000, sa_flags=none
SIGTERM: SIG_DFL, sa_mask[0]=00000000000000000000000000000000, sa_flags=none
SIGQUIT: SIG_DFL, sa_mask[0]=00000000000000000000000000000000, sa_flags=none


---------------  S Y S T E M  ---------------

OS:DISTRIB_ID=Ubuntu
DISTRIB_RELEASE=18.04
DISTRIB_CODENAME=bionic
DISTRIB_DESCRIPTION="Ubuntu 18.04.1 LTS"

uname:Linux 4.15.0-36-generic #39-Ubuntu SMP Mon Sep 24 16:19:09 UTC 2018 x86_64
libc:glibc 2.27 NPTL 2.27 
rlimit: STACK 8192k, CORE 0k, NPROC 30806, NOFILE 1048576, AS infinity
load average:1.24 1.18 1.40

/proc/meminfo:
MemTotal:        8046424 kB
MemFree:          125896 kB
MemAvailable:    1663576 kB
Buffers:          176328 kB
Cached:          2490020 kB
SwapCached:            0 kB
Active:          5293964 kB
Inactive:        1952028 kB
Active(anon):    4617984 kB
Inactive(anon):   941316 kB
Active(file):     675980 kB
Inactive(file):  1010712 kB
Unevictable:         484 kB
Mlocked:             484 kB
SwapTotal:       8999932 kB
SwapFree:        8999932 kB
Dirty:              1076 kB
Writeback:             0 kB
AnonPages:       4580184 kB
Mapped:           698632 kB
Shmem:            979628 kB
Slab:             302656 kB
SReclaimable:     148716 kB
SUnreclaim:       153940 kB
KernelStack:      178368 kB
PageTables:       104720 kB
NFS_Unstable:          0 kB
Bounce:                0 kB
WritebackTmp:          0 kB
CommitLimit:    13023144 kB
Committed_AS:   26050836 kB
VmallocTotal:   34359738367 kB
VmallocUsed:           0 kB
VmallocChunk:          0 kB
HardwareCorrupted:     0 kB
AnonHugePages:         0 kB
ShmemHugePages:        0 kB
ShmemPmdMapped:        0 kB
CmaTotal:              0 kB
CmaFree:               0 kB
HugePages_Total:       0
HugePages_Free:        0
HugePages_Rsvd:        0
HugePages_Surp:        0
Hugepagesize:       2048 kB
DirectMap4k:      404500 kB
DirectMap2M:     7862272 kB
DirectMap1G:     1048576 kB


CPU:total 4 (initial active 4) (2 cores per cpu, 2 threads per core) family 6 model 142 stepping 9, cmov, cx8, fxsr, mmx, sse, sse2, sse3, ssse3, sse4.1, sse4.2, popcnt, avx, avx2, aes, clmul, erms, 3dnowpref, lzcnt, ht, tsc, tscinvbit, bmi1, bmi2, adx

/proc/cpuinfo:
processor	: 0
vendor_id	: GenuineIntel
cpu family	: 6
model		: 142
model name	: Intel(R) Core(TM) i7-7500U CPU @ 2.70GHz
stepping	: 9
microcode	: 0x8e
cpu MHz		: 3481.663
cache size	: 4096 KB
physical id	: 0
siblings	: 4
core id		: 0
cpu cores	: 2
apicid		: 0
initial apicid	: 0
fpu		: yes
fpu_exception	: yes
cpuid level	: 22
wp		: yes
flags		: fpu vme de pse tsc msr pae mce cx8 apic sep mtrr pge mca cmov pat pse36 clflush dts acpi mmx fxsr sse sse2 ss ht tm pbe syscall nx pdpe1gb rdtscp lm constant_tsc art arch_perfmon pebs bts rep_good nopl xtopology nonstop_tsc cpuid aperfmperf tsc_known_freq pni pclmulqdq dtes64 monitor ds_cpl vmx est tm2 ssse3 sdbg fma cx16 xtpr pdcm pcid sse4_1 sse4_2 x2apic movbe popcnt tsc_deadline_timer aes xsave avx f16c rdrand lahf_lm abm 3dnowprefetch cpuid_fault epb invpcid_single pti ssbd ibrs ibpb stibp tpr_shadow vnmi flexpriority ept vpid fsgsbase tsc_adjust bmi1 avx2 smep bmi2 erms invpcid mpx rdseed adx smap clflushopt intel_pt xsaveopt xsavec xgetbv1 xsaves dtherm ida arat pln pts hwp hwp_notify hwp_act_window hwp_epp flush_l1d
bugs		: cpu_meltdown spectre_v1 spectre_v2 spec_store_bypass l1tf
bogomips	: 5808.00
clflush size	: 64
cache_alignment	: 64
address sizes	: 39 bits physical, 48 bits virtual
power management:

processor	: 1
vendor_id	: GenuineIntel
cpu family	: 6
model		: 142
model name	: Intel(R) Core(TM) i7-7500U CPU @ 2.70GHz
stepping	: 9
microcode	: 0x8e
cpu MHz		: 3470.852
cache size	: 4096 KB
physical id	: 0
siblings	: 4
core id		: 1
cpu cores	: 2
apicid		: 2
initial apicid	: 2
fpu		: yes
fpu_exception	: yes
cpuid level	: 22
wp		: yes
flags		: fpu vme de pse tsc msr pae mce cx8 apic sep mtrr pge mca cmov pat pse36 clflush dts acpi mmx fxsr sse sse2 ss ht tm pbe syscall nx pdpe1gb rdtscp lm constant_tsc art arch_perfmon pebs bts rep_good nopl xtopology nonstop_tsc cpuid aperfmperf tsc_known_freq pni pclmulqdq dtes64 monitor ds_cpl vmx est tm2 ssse3 sdbg fma cx16 xtpr pdcm pcid sse4_1 sse4_2 x2apic movbe popcnt tsc_deadline_timer aes xsave avx f16c rdrand lahf_lm abm 3dnowprefetch cpuid_fault epb invpcid_single pti ssbd ibrs ibpb stibp tpr_shadow vnmi flexpriority ept vpid fsgsbase tsc_adjust bmi1 avx2 smep bmi2 erms invpcid mpx rdseed adx smap clflushopt intel_pt xsaveopt xsavec xgetbv1 xsaves dtherm ida arat pln pts hwp hwp_notify hwp_act_window hwp_epp flush_l1d
bugs		: cpu_meltdown spectre_v1 spectre_v2 spec_store_bypass l1tf
bogomips	: 5808.00
clflush size	: 64
cache_alignment	: 64
address sizes	: 39 bits physical, 48 bits virtual
power management:

processor	: 2
vendor_id	: GenuineIntel
cpu family	: 6
model		: 142
model name	: Intel(R) Core(TM) i7-7500U CPU @ 2.70GHz
stepping	: 9
microcode	: 0x8e
cpu MHz		: 3478.069
cache size	: 4096 KB
physical id	: 0
siblings	: 4
core id		: 0
cpu cores	: 2
apicid		: 1
initial apicid	: 1
fpu		: yes
fpu_exception	: yes
cpuid level	: 22
wp		: yes
flags		: fpu vme de pse tsc msr pae mce cx8 apic sep mtrr pge mca cmov pat pse36 clflush dts acpi mmx fxsr sse sse2 ss ht tm pbe syscall nx pdpe1gb rdtscp lm constant_tsc art arch_perfmon pebs bts rep_good nopl xtopology nonstop_tsc cpuid aperfmperf tsc_known_freq pni pclmulqdq dtes64 monitor ds_cpl vmx est tm2 ssse3 sdbg fma cx16 xtpr pdcm pcid sse4_1 sse4_2 x2apic movbe popcnt tsc_deadline_timer aes xsave avx f16c rdrand lahf_lm abm 3dnowprefetch cpuid_fault epb invpcid_single pti ssbd ibrs ibpb stibp tpr_shadow vnmi flexpriority ept vpid fsgsbase tsc_adjust bmi1 avx2 smep bmi2 erms invpcid mpx rdseed adx smap clflushopt intel_pt xsaveopt xsavec xgetbv1 xsaves dtherm ida arat pln pts hwp hwp_notify hwp_act_window hwp_epp flush_l1d
bugs		: cpu_meltdown spectre_v1 spectre_v2 spec_store_bypass l1tf
bogomips	: 5808.00
clflush size	: 64
cache_alignment	: 64
address sizes	: 39 bits physical, 48 bits virtual
power management:

processor	: 3
vendor_id	: GenuineIntel
cpu family	: 6
model		: 142
model name	: Intel(R) Core(TM) i7-7500U CPU @ 2.70GHz
stepping	: 9
microcode	: 0x8e
cpu MHz		: 3490.284
cache size	: 4096 KB
physical id	: 0
siblings	: 4
core id		: 1
cpu cores	: 2
apicid		: 3
initial apicid	: 3
fpu		: yes
fpu_exception	: yes
cpuid level	: 22
wp		: yes
flags		: fpu vme de pse tsc msr pae mce cx8 apic sep mtrr pge mca cmov pat pse36 clflush dts acpi mmx fxsr sse sse2 ss ht tm pbe syscall nx pdpe1gb rdtscp lm constant_tsc art arch_perfmon pebs bts rep_good nopl xtopology nonstop_tsc cpuid aperfmperf tsc_known_freq pni pclmulqdq dtes64 monitor ds_cpl vmx est tm2 ssse3 sdbg fma cx16 xtpr pdcm pcid sse4_1 sse4_2 x2apic movbe popcnt tsc_deadline_timer aes xsave avx f16c rdrand lahf_lm abm 3dnowprefetch cpuid_fault epb invpcid_single pti ssbd ibrs ibpb stibp tpr_shadow vnmi flexpriority ept vpid fsgsbase tsc_adjust bmi1 avx2 smep bmi2 erms invpcid mpx rdseed adx smap clflushopt intel_pt xsaveopt xsavec xgetbv1 xsaves dtherm ida arat pln pts hwp hwp_notify hwp_act_window hwp_epp flush_l1d
bugs		: cpu_meltdown spectre_v1 spectre_v2 spec_store_bypass l1tf
bogomips	: 5808.00
clflush size	: 64
cache_alignment	: 64
address sizes	: 39 bits physical, 48 bits virtual
power management:



Memory: 4k page, physical 8046424k(124252k free), swap 8999932k(8999932k free)

vm_info: Java HotSpot(TM) 64-Bit Server VM (25.181-b13) for linux-amd64 JRE (1.8.0_181-b13), built on Jul  7 2018 00:56:38 by "java_re" with gcc 4.3.0 20080428 (Red Hat 4.3.0-8)

time: Sat Oct 20 15:02:45 2018
elapsed time: 0 seconds (0d 0h 0m 0s)

